<?xml version="1.0" encoding="UTF-8"?>
<!-- Generated by org.testng.reporters.JUnitXMLReporter -->
<testsuite ignored="0" hostname="TYSS-Priyatharsan_D" failures="0" tests="4" name="Default test" time="0.083" errors="0" timestamp="2025-01-02T16:54:11 IST">
  <testcase classname="com.advSelenium.profiling.HomePageTest" name="Register" time="0.012"/>
  <testcase classname="com.advSelenium.profiling.HomePageTest" name="loginTest" time="0.003"/>
  <testcase classname="com.advSelenium.profiling.HomePageTest" name="logoutTest" time="0.001"/>
  <testcase classname="com.advSelenium.profiling.HomePageTest" name="messageTest" time="0.002"/>
</testsuite> <!-- Default test -->
