<?xml version="1.0" encoding="UTF-8"?>
<!-- Generated by org.testng.reporters.JUnitXMLReporter -->
<testsuite ignored="0" hostname="TYSS-Priyatharsan_D" failures="1" tests="2" name="Test" time="6.756" errors="0" timestamp="2024-12-31T13:20:45 IST">
  <testcase classname="com.advSelenium.extentReport.AttachScreenShot" name="homePage" time="1.263">
    <failure type="java.lang.AssertionError" message="expected [true] but found [false]">
      <![CDATA[java.lang.AssertionError: expected [true] but found [false]
at com.advSelenium.extentReport.AttachScreenShot.homePage(AttachScreenShot.java:17)
at java.base/java.util.ArrayList.forEach(ArrayList.java:1596)
... Removed 32 stack frames]]>
    </failure>
  </testcase> <!-- homePage -->
  <testcase classname="com.advSelenium.extentReport.AttachScreenShot" name="registerTest" time="0.003"/>
</testsuite> <!-- Test -->
