<?xml version="1.0" encoding="UTF-8"?>
<!-- Generated by org.testng.reporters.JUnitXMLReporter -->
<testsuite ignored="3" hostname="TYSS-Priyatharsan_D" failures="0" tests="4" name="Test" time="0.065" errors="0" timestamp="2025-01-02T16:54:59 IST">
  <testcase classname="com.advSelenium.profiling.HomePageTest" name="Register" time="0.012"/>
  <testcase classname="com.advSelenium.profiling.HomePageTest" name="loginTest" time="0.001"/>
  <testcase classname="com.advSelenium.profiling.HomePageTest" name="logoutTest" time="0.002"/>
  <testcase classname="com.advSelenium.profiling.PaymentTest" name="upi" time="0.001"/>
  <testcase classname="com.advSelenium.profiling.PaymentTest" name="pay" time="0.0">
    <ignored/>
  </testcase> <!-- pay -->
  <testcase classname="com.advSelenium.profiling.PaymentTest" name="cancel" time="0.0">
    <ignored/>
  </testcase> <!-- cancel -->
  <testcase classname="com.advSelenium.profiling.HomePageTest" name="messageTest" time="0.0">
    <ignored/>
  </testcase> <!-- messageTest -->
</testsuite> <!-- Test -->
