<?xml version="1.0" encoding="UTF-8"?>
<!-- Generated by org.testng.reporters.JUnitXMLReporter -->
<testsuite ignored="5" hostname="TYSS-Priyatharsan_D" failures="0" tests="2" name="Test" time="0.057" errors="0" timestamp="2025-01-02T16:57:52 IST">
  <testcase classname="com.advSelenium.profiling.HomePageTest" name="loginTest" time="0.009"/>
  <testcase classname="com.advSelenium.profiling.PaymentTest" name="upi" time="0.002"/>
  <testcase classname="com.advSelenium.profiling.PaymentTest" name="pay" time="0.0">
    <ignored/>
  </testcase> <!-- pay -->
  <testcase classname="com.advSelenium.profiling.HomePageTest" name="logoutTest" time="0.0">
    <ignored/>
  </testcase> <!-- logoutTest -->
  <testcase classname="com.advSelenium.profiling.HomePageTest" name="messageTest" time="0.0">
    <ignored/>
  </testcase> <!-- messageTest -->
  <testcase classname="com.advSelenium.profiling.HomePageTest" name="Register" time="0.0">
    <ignored/>
  </testcase> <!-- Register -->
  <testcase classname="com.advSelenium.profiling.PaymentTest" name="cancel" time="0.0">
    <ignored/>
  </testcase> <!-- cancel -->
</testsuite> <!-- Test -->
