<?xml version="1.0" encoding="UTF-8"?>
<testng-results ignored="4" total="7" passed="3" failed="0" skipped="0">
  <reporter-output>
  </reporter-output>
  <suite started-at="2025-01-03T15:09:36 IST" name="Suite" finished-at="2025-01-03T15:09:36 IST" duration-ms="58">
    <groups>
      <group name="regressionSuite">
        <method signature="HomePageTest.messageTest()[pri:0, instance:com.jenkinSample.HomePageTest@6adbc9d]" name="messageTest" class="com.jenkinSample.HomePageTest"/>
        <method signature="LogInPageTest.cancel()[pri:0, instance:com.jenkinSample.LogInPageTest@67c27493]" name="cancel" class="com.jenkinSample.LogInPageTest"/>
        <method signature="LogInPageTest.pay()[pri:0, instance:com.jenkinSample.LogInPageTest@67c27493]" name="pay" class="com.jenkinSample.LogInPageTest"/>
      </group> <!-- regressionSuite -->
    </groups>
    <test started-at="2025-01-03T15:09:36 IST" name="Test" finished-at="2025-01-03T15:09:36 IST" duration-ms="58">
      <class name="com.jenkinSample.LogInPageTest">
        <test-method signature="cancel()[pri:0, instance:com.jenkinSample.LogInPageTest@67c27493]" started-at="2025-01-03T15:09:36 IST" name="cancel" finished-at="2025-01-03T15:09:36 IST" duration-ms="2" status="PASS">
          <reporter-output>
          </reporter-output>
        </test-method> <!-- cancel -->
        <test-method signature="pay()[pri:0, instance:com.jenkinSample.LogInPageTest@67c27493]" started-at="2025-01-03T15:09:36 IST" name="pay" finished-at="2025-01-03T15:09:36 IST" duration-ms="1" status="PASS">
          <reporter-output>
          </reporter-output>
        </test-method> <!-- pay -->
      </class> <!-- com.jenkinSample.LogInPageTest -->
      <class name="com.jenkinSample.HomePageTest">
        <test-method signature="messageTest()[pri:0, instance:com.jenkinSample.HomePageTest@6adbc9d]" started-at="2025-01-03T15:09:36 IST" name="messageTest" finished-at="2025-01-03T15:09:36 IST" duration-ms="10" status="PASS">
          <reporter-output>
          </reporter-output>
        </test-method> <!-- messageTest -->
      </class> <!-- com.jenkinSample.HomePageTest -->
    </test> <!-- Test -->
  </suite> <!-- Suite -->
</testng-results>
