<?xml version="1.0" encoding="UTF-8"?>
<!-- Generated by org.testng.reporters.JUnitXMLReporter -->
<testsuite ignored="0" hostname="TYSS-Priyatharsan_D" failures="1" tests="1" name="Test" time="6.836" errors="0" timestamp="2024-12-30T16:33:26 IST">
  <testcase classname="com.advSelenium.Listeners.AmazonFailiureSuiteLevel" name="homePage" time="1.825">
    <failure type="java.lang.AssertionError" message="expected [field-keyword] but found [field-keywords]">
      <![CDATA[java.lang.AssertionError: expected [field-keyword] but found [field-keywords]
at com.advSelenium.Listeners.AmazonFailiureSuiteLevel.homePage(AmazonFailiureSuiteLevel.java:14)
at java.base/java.util.ArrayList.forEach(ArrayList.java:1596)
... Removed 31 stack frames]]>
    </failure>
  </testcase> <!-- homePage -->
</testsuite> <!-- Test -->
