<?xml version="1.0" encoding="UTF-8"?>
<!-- Generated by org.testng.reporters.JUnitXMLReporter -->
<testsuite ignored="4" hostname="TYSS-Priyatharsan_D" failures="0" tests="3" name="Test" time="0.058" errors="0" timestamp="2025-01-03T15:09:36 IST">
  <testcase classname="com.jenkinSample.HomePageTest" name="messageTest" time="0.01"/>
  <testcase classname="com.jenkinSample.LogInPageTest" name="cancel" time="0.002"/>
  <testcase classname="com.jenkinSample.LogInPageTest" name="pay" time="0.001"/>
  <testcase classname="com.jenkinSample.LogInPageTest" name="upi" time="0.0">
    <ignored/>
  </testcase> <!-- upi -->
  <testcase classname="com.jenkinSample.HomePageTest" name="loginTest" time="0.0">
    <ignored/>
  </testcase> <!-- loginTest -->
  <testcase classname="com.jenkinSample.HomePageTest" name="Register" time="0.0">
    <ignored/>
  </testcase> <!-- Register -->
  <testcase classname="com.jenkinSample.HomePageTest" name="logoutTest" time="0.0">
    <ignored/>
  </testcase> <!-- logoutTest -->
</testsuite> <!-- Test -->
