<?xml version="1.0" encoding="UTF-8"?>
<!-- Generated by org.testng.reporters.JUnitXMLReporter -->
<testsuite ignored="2" hostname="TYSS-Priyatharsan_D" failures="0" tests="4" name="Test" time="0.064" errors="0" timestamp="2025-01-02T16:29:24 IST">
  <testcase classname="com.advSelenium.ConfigAnnotation.OrganizationTest" name="induxtry" time="0.008"/>
  <testcase classname="com.advSelenium.ConfigAnnotation.OrganizationTest" name="organization" time="0.002"/>
  <testcase classname="com.advSelenium.ConfigAnnotation.ContactTest" name="createContact" time="0.002"/>
  <testcase classname="com.advSelenium.ConfigAnnotation.ContactTest" name="createContactWithDateTest" time="0.001"/>
  <testcase classname="com.advSelenium.ConfigAnnotation.BaseClass" name="@AfterSuite close" time="0.0">
    <ignored/>
  </testcase> <!-- @AfterSuite close -->
  <testcase classname="com.advSelenium.ConfigAnnotation.BaseClass" name="@BeforeSuite dbConfig" time="0.0">
    <ignored/>
  </testcase> <!-- @BeforeSuite dbConfig -->
</testsuite> <!-- Test -->
